#
# A fatal error has been detected by the Java Runtime Environment:
#
#  EXCEPTION_ACCESS_VIOLATION (0xc0000005) at pc=0x0000000023d2b33a, pid=3928, tid=3408
#
# JRE version: 7.0_11-b21
# Java VM: Java HotSpot(TM) 64-Bit Server VM (23.6-b04 mixed mode windows-amd64 compressed oops)
# Problematic frame:
# v  ~BufferBlob::jni_fast_GetLongField
#
# Failed to write core dump. Minidumps are not enabled by default on client versions of Windows
#
# If you would like to submit a bug report, please visit:
#   http://bugreport.sun.com/bugreport/crash.jsp
# The crash happened outside the Java Virtual Machine in native code.
# See problematic frame for where to report the bug.
#

---------------  T H R E A D  ---------------

Current thread (0x00000000592b4000):  JavaThread "AWT-EventQueue-0" [_thread_in_native, id=3408, stack(0x000000008fff0000,0x0000000093ff0000)]

siginfo: ExceptionCode=0xc0000005, reading address 0x0000000000000000

Registers:
RAX=0x0000000069f1ab90, RBX=0x00000000592b41d8, RCX=0x00000000592b41d8, RDX=0x0000000000000000
RSP=0x0000000093feb8e8, RBP=0x0000000093feba20, RSI=0x0000000093febcd8, RDI=0x00000000592b41d8
R8 =0x0000000000000042, R9 =0x0000000000000000, R10=0x0000000000000308, R11=0x0000000069a82070
R12=0x0000000000000000, R13=0x0000000000000000, R14=0x0000000000000000, R15=0x00000000592b4000
RIP=0x0000000023d2b33a, EFLAGS=0x0000000000010246

Top of Stack: (sp=0x0000000093feb8e8)
0x0000000093feb8e8:   00000000697215ed 0000000093febcf8
0x0000000093feb8f8:   0000000093febb98 00000000593b7e00
0x0000000093feb908:   0000000069ad2a3e 0000000093febce0
0x0000000093feb918:   000000006972aeeb 00000000592b41d8
0x0000000093feb928:   0000000066a62880 0000000022b2a920
0x0000000093feb938:   0000000069a70bf5 00000000098d6e00
0x0000000093feb948:   0000000059382980 0000000023cdf1d8
0x0000000093feb958:   0000000069a8b001 0000000000000007
0x0000000093feb968:   0000000069a80276 00000000592b4000
0x0000000093feb978:   0000000023cdf1d8 0000000093febce8
0x0000000093feb988:   0000000093febcf0 0000000000000000
0x0000000093feb998:   000000006972b235 00000000592b41d8
0x0000000093feb9a8:   0000000066a62880 0000000093febaa0
0x0000000093feb9b8:   0000000000000000 0000000000000000
0x0000000093feb9c8:   0000001900000057 00009fe700000019
0x0000000093feb9d8:   0000000093feba40 0000000000001ac0 

Instructions: (pc=0x0000000023d2b33a)
0x0000000023d2b31a:   00 00 00 00 00 00 44 8b 15 91 17 24 46 4c 8b ca
0x0000000023d2b32a:   41 f6 c2 01 0f 85 2e 00 00 00 4d 33 ca 4d 33 ca
0x0000000023d2b33a:   4d 8b 09 4d 8b d8 49 c1 eb 02 4b 8b 04 19 49 bb
0x0000000023d2b34a:   b8 ca f6 69 00 00 00 00 4c 33 d8 4c 33 d8 45 3b 


Register to memory mapping:

RAX=0x0000000069f1ab90 is an unknown value
RBX=0x00000000592b41d8 is an unknown value
RCX=0x00000000592b41d8 is an unknown value
RDX=0x0000000000000000 is an unknown value
RSP=0x0000000093feb8e8 is pointing into the stack for thread: 0x00000000592b4000
RBP=0x0000000093feba20 is pointing into the stack for thread: 0x00000000592b4000
RSI=0x0000000093febcd8 is pointing into the stack for thread: 0x00000000592b4000
RDI=0x00000000592b41d8 is an unknown value
R8 =0x0000000000000042 is an unknown value
R9 =0x0000000000000000 is an unknown value
R10=0x0000000000000308 is an unknown value
R11=0x0000000069a82070 is an unknown value
R12=0x0000000000000000 is an unknown value
R13=0x0000000000000000 is an unknown value
R14=0x0000000000000000 is an unknown value
R15=0x00000000592b4000 is a thread


Stack: [0x000000008fff0000,0x0000000093ff0000],  sp=0x0000000093feb8e8,  free space=65518k
Native frames: (J=compiled Java code, j=interpreted, Vv=VM code, C=native code)
v  ~BufferBlob::jni_fast_GetLongField

Java frames: (J=compiled Java code, j=interpreted, Vv=VM code)
j  sun.java2d.loops.MaskBlit.MaskBlit(Lsun/java2d/SurfaceData;Lsun/java2d/SurfaceData;Ljava/awt/Composite;Lsun/java2d/pipe/Region;IIIIII[BII)V+0
j  sun.java2d.loops.Blit$GeneralMaskBlit.Blit(Lsun/java2d/SurfaceData;Lsun/java2d/SurfaceData;Ljava/awt/Composite;Lsun/java2d/pipe/Region;IIIIII)V+24
j  sun.java2d.pipe.DrawImage.blitSurfaceData(Lsun/java2d/SunGraphics2D;Lsun/java2d/pipe/Region;Lsun/java2d/SurfaceData;Lsun/java2d/SurfaceData;Lsun/java2d/loops/SurfaceType;Lsun/java2d/loops/SurfaceType;IIIIIILjava/awt/Color;)V+97
j  sun.java2d.pipe.DrawImage.renderImageCopy(Lsun/java2d/SunGraphics2D;Ljava/awt/Image;Ljava/awt/Color;IIIIII)Z+77
j  sun.java2d.pipe.DrawImage.copyImage(Lsun/java2d/SunGraphics2D;Ljava/awt/Image;IILjava/awt/Color;)Z+45
j  sun.java2d.pipe.DrawImage.copyImage(Lsun/java2d/SunGraphics2D;Ljava/awt/Image;IILjava/awt/Color;Ljava/awt/image/ImageObserver;)Z+15
j  sun.java2d.pipe.ValidatePipe.copyImage(Lsun/java2d/SunGraphics2D;Ljava/awt/Image;IILjava/awt/Color;Ljava/awt/image/ImageObserver;)Z+21
j  sun.java2d.SunGraphics2D.drawImage(Ljava/awt/Image;IILjava/awt/Color;Ljava/awt/image/ImageObserver;)Z+18
j  sun.java2d.SunGraphics2D.drawImage(Ljava/awt/Image;IILjava/awt/image/ImageObserver;)Z+7
j  sun.swing.CachedPainter.paintImage(Ljava/awt/Component;Ljava/awt/Graphics;IIIILjava/awt/Image;[Ljava/lang/Object;)V+7
j  sun.swing.CachedPainter.paint0(Ljava/awt/Component;Ljava/awt/Graphics;IIII[Ljava/lang/Object;)V+191
j  sun.swing.CachedPainter.paint(Ljava/awt/Component;Ljava/awt/Graphics;IIII[Ljava/lang/Object;)V+95
j  com.sun.java.swing.plaf.windows.XPStyle$Skin.paintSkinRaw(Ljava/awt/Graphics;IIIILcom/sun/java/swing/plaf/windows/TMSchema$State;)V+24
j  com.sun.java.swing.plaf.windows.AnimationController$AnimationState.paintSkin(Lcom/sun/java/swing/plaf/windows/XPStyle$Skin;Ljava/awt/Graphics;IIIILcom/sun/java/swing/plaf/windows/TMSchema$State;)V+106
j  com.sun.java.swing.plaf.windows.AnimationController.paintSkin(Ljavax/swing/JComponent;Lcom/sun/java/swing/plaf/windows/XPStyle$Skin;Ljava/awt/Graphics;IIIILcom/sun/java/swing/plaf/windows/TMSchema$State;)V+100
j  com.sun.java.swing.plaf.windows.XPStyle$Skin.paintSkin(Ljava/awt/Graphics;IIIILcom/sun/java/swing/plaf/windows/TMSchema$State;)V+46
j  com.sun.java.swing.plaf.windows.WindowsButtonUI.paintXPButtonBackground(Ljava/awt/Graphics;Ljavax/swing/JComponent;)V+165
j  com.sun.java.swing.plaf.windows.WindowsButtonUI.paint(Ljava/awt/Graphics;Ljavax/swing/JComponent;)V+8
j  javax.swing.plaf.ComponentUI.update(Ljava/awt/Graphics;Ljavax/swing/JComponent;)V+32
j  javax.swing.JComponent.paintComponent(Ljava/awt/Graphics;)V+26
j  javax.swing.JComponent.paint(Ljava/awt/Graphics;)V+286
j  javax.swing.JComponent.paintToOffscreen(Ljava/awt/Graphics;IIIIII)V+41
j  javax.swing.RepaintManager$PaintManager.paintDoubleBuffered(Ljavax/swing/JComponent;Ljava/awt/Image;Ljava/awt/Graphics;IIII)V+105
j  javax.swing.RepaintManager$PaintManager.paint(Ljavax/swing/JComponent;Ljavax/swing/JComponent;Ljava/awt/Graphics;IIII)Z+116
j  javax.swing.RepaintManager.paint(Ljavax/swing/JComponent;Ljavax/swing/JComponent;Ljava/awt/Graphics;IIII)V+52
j  javax.swing.JComponent._paintImmediately(IIII)V+683
j  javax.swing.JComponent.paintImmediately(IIII)V+138
j  javax.swing.RepaintManager.paintDirtyRegions(Ljava/util/Map;)V+182
j  javax.swing.RepaintManager.paintDirtyRegions()V+46
j  javax.swing.RepaintManager.prePaintDirtyRegions()V+73
j  javax.swing.RepaintManager.access$700(Ljavax/swing/RepaintManager;)V+1
j  javax.swing.RepaintManager$ProcessingRunnable.run()V+37
j  java.awt.event.InvocationEvent.dispatch()V+47
j  java.awt.EventQueue.dispatchEventImpl(Ljava/awt/AWTEvent;Ljava/lang/Object;)V+21
j  java.awt.EventQueue.access$200(Ljava/awt/EventQueue;Ljava/awt/AWTEvent;Ljava/lang/Object;)V+3
j  java.awt.EventQueue$3.run()Ljava/lang/Void;+12
j  java.awt.EventQueue$3.run()Ljava/lang/Object;+1
v  ~StubRoutines::call_stub
j  java.security.AccessController.doPrivileged(Ljava/security/PrivilegedAction;Ljava/security/AccessControlContext;)Ljava/lang/Object;+0
j  java.security.ProtectionDomain$1.doIntersectionPrivilege(Ljava/security/PrivilegedAction;Ljava/security/AccessControlContext;Ljava/security/AccessControlContext;)Ljava/lang/Object;+28
j  java.awt.EventQueue.dispatchEvent(Ljava/awt/AWTEvent;)V+46
j  java.awt.EventDispatchThread.pumpOneEventForFilters(I)V+245
j  java.awt.EventDispatchThread.pumpEventsForFilter(ILjava/awt/Conditional;Ljava/awt/EventFilter;)V+35
j  java.awt.EventDispatchThread.pumpEventsForFilter(Ljava/awt/Conditional;Ljava/awt/EventFilter;)V+4
j  java.awt.WaitDispatchSupport$2.run()V+59
j  java.awt.WaitDispatchSupport$4.run()Ljava/lang/Object;+4
v  ~StubRoutines::call_stub
j  java.security.AccessController.doPrivileged(Ljava/security/PrivilegedAction;)Ljava/lang/Object;+0
j  java.awt.WaitDispatchSupport.enter()Z+231
j  java.awt.Dialog.show()V+216
j  com.mathworks.mwswing.MJDialog.show()V+30
j  java.awt.Component.show(Z)V+5
j  java.awt.Component.setVisible(Z)V+2
j  java.awt.Window.setVisible(Z)V+2
j  java.awt.Dialog.setVisible(Z)V+2
j  com.mathworks.mwswing.MJOptionPane.showOptionDialog(Ljava/awt/Component;Ljava/lang/Object;Ljava/lang/String;IILjavax/swing/Icon;[Ljava/lang/Object;Ljava/lang/Object;)I+252
j  com.mathworks.mwswing.MJOptionPane.showMessageDialog(Ljava/awt/Component;Ljava/lang/Object;Ljava/lang/String;ILjavax/swing/Icon;)V+9
j  com.mathworks.mwswing.MJOptionPane.showMessageDialog(Ljava/awt/Component;Ljava/lang/Object;Ljava/lang/String;I)V+5
j  com.mathworks.mlwidgets.array.ArrayDialog$1.run()V+19
j  java.awt.event.InvocationEvent.dispatch()V+47
j  java.awt.EventQueue.dispatchEventImpl(Ljava/awt/AWTEvent;Ljava/lang/Object;)V+21
j  java.awt.EventQueue.access$200(Ljava/awt/EventQueue;Ljava/awt/AWTEvent;Ljava/lang/Object;)V+3
j  java.awt.EventQueue$3.run()Ljava/lang/Void;+12
j  java.awt.EventQueue$3.run()Ljava/lang/Object;+1
v  ~StubRoutines::call_stub
j  java.security.AccessController.doPrivileged(Ljava/security/PrivilegedAction;Ljava/security/AccessControlContext;)Ljava/lang/Object;+0
j  java.security.ProtectionDomain$1.doIntersectionPrivilege(Ljava/security/PrivilegedAction;Ljava/security/AccessControlContext;Ljava/security/AccessControlContext;)Ljava/lang/Object;+28
j  java.awt.EventQueue.dispatchEvent(Ljava/awt/AWTEvent;)V+46
j  java.awt.EventDispatchThread.pumpOneEventForFilters(I)V+245
j  java.awt.EventDispatchThread.pumpEventsForFilter(ILjava/awt/Conditional;Ljava/awt/EventFilter;)V+35
j  java.awt.EventDispatchThread.pumpEventsForHierarchy(ILjava/awt/Conditional;Ljava/awt/Component;)V+11
j  java.awt.EventDispatchThread.pumpEvents(ILjava/awt/Conditional;)V+4
j  java.awt.EventDispatchThread.pumpEvents(Ljava/awt/Conditional;)V+3
j  java.awt.EventDispatchThread.run()V+9
v  ~StubRoutines::call_stub

---------------  P R O C E S S  ---------------

Java Threads: ( => current thread )
  0x00000000098c2000 JavaThread "pool-6-thread-5" [_thread_blocked, id=5068, stack(0x0000000118000000,0x000000011c000000)]
  0x00000000098c1000 JavaThread "pool-6-thread-4" [_thread_blocked, id=852, stack(0x0000000110000000,0x0000000114000000)]
  0x0000000065a77000 JavaThread "pool-6-thread-3" [_thread_in_vm, id=2748, stack(0x0000000108000000,0x000000010c000000)]
  0x0000000065a7a000 JavaThread "pool-6-thread-2" [_thread_blocked, id=772, stack(0x0000000104000000,0x0000000108000000)]
  0x0000000065a78800 JavaThread "pool-6-thread-1" [_thread_blocked, id=1488, stack(0x0000000100000000,0x0000000104000000)]
  0x0000000065a7b800 JavaThread "Startup Class Loader" daemon [_thread_blocked, id=4140, stack(0x00000000bfff0000,0x00000000c3ff0000)]
  0x0000000065a7c800 JavaThread "Swing-Shell" daemon [_thread_blocked, id=3856, stack(0x0000000114000000,0x0000000118000000)]
  0x0000000065a7b000 JavaThread "FileDecorationCache request queue" daemon [_thread_blocked, id=1000, stack(0x000000010c000000,0x0000000110000000)]
  0x0000000065a78000 JavaThread "Code Analyzer updating thread" [_thread_blocked, id=2348, stack(0x00000000d3ff0000,0x00000000d7ff0000)]
  0x0000000065a76800 JavaThread "Code Analyzer updating thread" [_thread_blocked, id=4520, stack(0x00000000cfff0000,0x00000000d3ff0000)]
  0x0000000065a75800 JavaThread "Active Reference Queue Daemon" daemon [_thread_blocked, id=1732, stack(0x00000000cbff0000,0x00000000cfff0000)]
  0x00000000595f3000 JavaThread "Timer-1" daemon [_thread_blocked, id=3776, stack(0x00000000c7ff0000,0x00000000cbff0000)]
  0x00000000595f4800 JavaThread "ClipboardMonitor Timer" daemon [_thread_blocked, id=3492, stack(0x00000000a3ff0000,0x00000000a7ff0000)]
  0x00000000595f8000 JavaThread "Explorer NavigationContext request queue" daemon [_thread_blocked, id=828, stack(0x00000000c3ff0000,0x00000000c7ff0000)]
  0x00000000595f6000 JavaThread "AddressBar directory emptiness poller" daemon [_thread_blocked, id=4660, stack(0x00000000bbff0000,0x00000000bfff0000)]
  0x00000000595f5000 JavaThread "Explorer Refresh Service 2033977474" daemon [_thread_blocked, id=3252, stack(0x00000000b7ff0000,0x00000000bbff0000)]
  0x00000000595f3800 JavaThread "Thread-4" daemon [_thread_blocked, id=4616, stack(0x00000000afff0000,0x00000000b3ff0000)]
  0x00000000595f2000 JavaThread "Image Fetcher 1" daemon [_thread_blocked, id=3172, stack(0x00000000abff0000,0x00000000afff0000)]
  0x0000000065a79800 JavaThread "TimerQueue" daemon [_thread_blocked, id=900, stack(0x00000000a7ff0000,0x00000000abff0000)]
  0x00000000595f1800 JavaThread "Thread-3" daemon [_thread_blocked, id=3704, stack(0x0000000093ff0000,0x0000000097ff0000)]
  0x0000000059375800 JavaThread "FelixPackageAdmin" daemon [_thread_blocked, id=1676, stack(0x000000009fff0000,0x00000000a3ff0000)]
  0x0000000059375000 JavaThread "FelixStartLevel" daemon [_thread_blocked, id=4756, stack(0x000000009bff0000,0x000000009fff0000)]
  0x00000000593ba000 JavaThread "FelixDispatchQueue" daemon [_thread_blocked, id=3656, stack(0x0000000097ff0000,0x000000009bff0000)]
=>0x00000000592b4000 JavaThread "AWT-EventQueue-0" [_thread_in_native, id=3408, stack(0x000000008fff0000,0x0000000093ff0000)]
  0x000000005907f800 JavaThread "com.google.common.base.internal.Finalizer" daemon [_thread_blocked, id=4420, stack(0x000000008bff0000,0x000000008fff0000)]
  0x0000000059059000 JavaThread "Image Fetcher 3" daemon [_thread_blocked, id=4196, stack(0x0000000087ff0000,0x000000008bff0000)]
  0x000000005920c800 JavaThread "AWT-Windows" daemon [_thread_in_native, id=1840, stack(0x0000000083ff0000,0x0000000087ff0000)]
  0x000000005920c000 JavaThread "AWT-Shutdown" [_thread_blocked, id=3316, stack(0x000000007fff0000,0x0000000083ff0000)]
  0x0000000059222000 JavaThread "Java2D Disposer" daemon [_thread_blocked, id=3792, stack(0x0000000077a50000,0x000000007ba50000)]
  0x0000000022bfd800 JavaThread "Timer-0" [_thread_blocked, id=4236, stack(0x000000005dd40000,0x0000000061d40000)]
  0x0000000058ebc800 JavaThread "EventMgr Dispatcher" daemon [_thread_in_native, id=2092, stack(0x0000000059c50000,0x000000005dc50000)]
  0x000000000979c800 JavaThread "Service Thread" daemon [_thread_blocked, id=3520, stack(0x0000000050c80000,0x0000000054c80000)]
  0x000000000979c000 JavaThread "C2 CompilerThread1" daemon [_thread_in_native, id=2284, stack(0x000000004cc80000,0x0000000050c80000)]
  0x0000000009797000 JavaThread "C2 CompilerThread0" daemon [_thread_in_native, id=2660, stack(0x0000000048c80000,0x000000004cc80000)]
  0x0000000009790800 JavaThread "Attach Listener" daemon [_thread_blocked, id=2280, stack(0x0000000044c80000,0x0000000048c80000)]
  0x0000000009728800 JavaThread "Finalizer" daemon [_thread_blocked, id=4024, stack(0x0000000040c80000,0x0000000044c80000)]
  0x000000000971e800 JavaThread "Reference Handler" daemon [_thread_blocked, id=4624, stack(0x000000003cc80000,0x0000000040c80000)]
  0x00000000095b3000 JavaThread "main" [_thread_in_native, id=2232, stack(0x0000000000030000,0x0000000004030000)]

Other Threads:
  0x0000000022c21000 VMThread [stack: 0x0000000038c80000,0x000000003cc80000] [id=1300]
  0x0000000009804000 WatcherThread [stack: 0x0000000054c80000,0x0000000058c80000] [id=3952]

VM state:not at safepoint (normal execution)

VM Mutex/Monitor currently owned by a thread: None

Heap
 PSYoungGen      total 88256K, used 8151K [0x00000000fa000000, 0x0000000100000000, 0x0000000100000000)
  eden space 80896K, 10% used [0x00000000fa000000,0x00000000fa7f5f30,0x00000000fef00000)
  from space 7360K, 0% used [0x00000000ff8d0000,0x00000000ff8d0000,0x0000000100000000)
  to   space 8704K, 0% used [0x00000000fef00000,0x00000000fef00000,0x00000000ff780000)
 ParOldGen       total 71104K, used 43962K [0x00000000e8000000, 0x00000000ec570000, 0x00000000fa000000)
  object space 71104K, 61% used [0x00000000e8000000,0x00000000eaaee9d0,0x00000000ec570000)
 PSPermGen       total 105280K, used 52474K [0x00000000e0000000, 0x00000000e66d0000, 0x00000000e8000000)
  object space 105280K, 49% used [0x00000000e0000000,0x00000000e333eb60,0x00000000e66d0000)

Card table byte_map: [0x0000000009e20000,0x0000000009f30000] byte_map_base: 0x0000000009720000

Polling page: 0x00000000080e0000

Code Cache  [0x0000000023cd0000, 0x0000000023f40000, 0x0000000026cd0000)
 total_blobs=1296 nmethods=675 adapters=571 free_code_cache=47170Kb largest_free_block=48240576

Compilation events (10 events):
Event: 7.121 Thread 0x0000000009797000 nmethod 711 0x0000000023eb6010 code [0x0000000023eb6140, 0x0000000023eb6198]
Event: 7.121 Thread 0x0000000009797000  712             org.jdom.output.XMLOutputter::printQualifiedName (50 bytes)
Event: 7.122 Thread 0x0000000009797000 nmethod 712 0x0000000023ebfd50 code [0x0000000023ebfec0, 0x0000000023ec0028]
Event: 7.122 Thread 0x0000000009797000  713             org.jdom.ContentList$FilterListIterator::next (58 bytes)
Event: 7.123 Thread 0x0000000009797000 nmethod 713 0x0000000023ebf8d0 code [0x0000000023ebfa20, 0x0000000023ebfb68]
Event: 7.123 Thread 0x0000000009797000  714             org.apache.xerces.util.XMLChar::isNameStart (22 bytes)
Event: 7.123 Thread 0x0000000009797000 nmethod 714 0x0000000023ebf690 code [0x0000000023ebf7c0, 0x0000000023ebf838]
Event: 7.123 Thread 0x0000000009797000  715             org.apache.xerces.impl.XMLScanner::isValidNameStartChar (5 bytes)
Event: 7.124 Thread 0x0000000009797000 nmethod 715 0x0000000023ebd450 code [0x0000000023ebd580, 0x0000000023ebd618]
Event: 7.124 Thread 0x0000000009797000  716             org.apache.xerces.impl.XMLNSDocumentScannerImpl::scanStartElement (866 bytes)

GC Heap History (10 events):
Event: 4.732 GC heap before
{Heap before GC invocations=17 (full 0):
 PSYoungGen      total 89920K, used 86905K [0x00000000fa000000, 0x00000000fff30000, 0x0000000100000000)
  eden space 83264K, 100% used [0x00000000fa000000,0x00000000ff150000,0x00000000ff150000)
  from space 6656K, 54% used [0x00000000ff8b0000,0x00000000ffc3e6f0,0x00000000fff30000)
  to   space 7104K, 0% used [0x00000000ff150000,0x00000000ff150000,0x00000000ff840000)
 ParOldGen       total 49152K, used 26948K [0x00000000e8000000, 0x00000000eb000000, 0x00000000fa000000)
  object space 49152K, 54% used [0x00000000e8000000,0x00000000e9a511a0,0x00000000eb000000)
 PSPermGen       total 45056K, used 44989K [0x00000000e0000000, 0x00000000e2c00000, 0x00000000e8000000)
  object space 45056K, 99% used [0x00000000e0000000,0x00000000e2bef5a8,0x00000000e2c00000)
Event: 4.737 GC heap after
Heap after GC invocations=17 (full 0):
 PSYoungGen      total 90368K, used 3259K [0x00000000fa000000, 0x00000000ffff0000, 0x0000000100000000)
  eden space 83264K, 0% used [0x00000000fa000000,0x00000000fa000000,0x00000000ff150000)
  from space 7104K, 45% used [0x00000000ff150000,0x00000000ff47ed08,0x00000000ff840000)
  to   space 6848K, 0% used [0x00000000ff940000,0x00000000ff940000,0x00000000ffff0000)
 ParOldGen       total 49152K, used 28120K [0x00000000e8000000, 0x00000000eb000000, 0x00000000fa000000)
  object space 49152K, 57% used [0x00000000e8000000,0x00000000e9b761d0,0x00000000eb000000)
 PSPermGen       total 45056K, used 44989K [0x00000000e0000000, 0x00000000e2c00000, 0x00000000e8000000)
  object space 45056K, 99% used [0x00000000e0000000,0x00000000e2bef5a8,0x00000000e2c00000)
}
Event: 5.548 GC heap before
{Heap before GC invocations=18 (full 0):
 PSYoungGen      total 90368K, used 86523K [0x00000000fa000000, 0x00000000ffff0000, 0x0000000100000000)
  eden space 83264K, 100% used [0x00000000fa000000,0x00000000ff150000,0x00000000ff150000)
  from space 7104K, 45% used [0x00000000ff150000,0x00000000ff47ed08,0x00000000ff840000)
  to   space 6848K, 0% used [0x00000000ff940000,0x00000000ff940000,0x00000000ffff0000)
 ParOldGen       total 49152K, used 28120K [0x00000000e8000000, 0x00000000eb000000, 0x00000000fa000000)
  object space 49152K, 57% used [0x00000000e8000000,0x00000000e9b761d0,0x00000000eb000000)
 PSPermGen       total 46784K, used 46740K [0x00000000e0000000, 0x00000000e2db0000, 0x00000000e8000000)
  object space 46784K, 99% used [0x00000000e0000000,0x00000000e2da50c8,0x00000000e2db0000)
Event: 5.555 GC heap after
Heap after GC invocations=18 (full 0):
 PSYoungGen      total 90496K, used 3728K [0x00000000fa000000, 0x00000000fff40000, 0x0000000100000000)
  eden space 84352K, 0% used [0x00000000fa000000,0x00000000fa000000,0x00000000ff260000)
  from space 6144K, 60% used [0x00000000ff940000,0x00000000ffce4228,0x00000000fff40000)
  to   space 6592K, 0% used [0x00000000ff260000,0x00000000ff260000,0x00000000ff8d0000)
 ParOldGen       total 49152K, used 36434K [0x00000000e8000000, 0x00000000eb000000, 0x00000000fa000000)
  object space 49152K, 74% used [0x00000000e8000000,0x00000000ea394888,0x00000000eb000000)
 PSPermGen       total 46784K, used 46740K [0x00000000e0000000, 0x00000000e2db0000, 0x00000000e8000000)
  object space 46784K, 99% used [0x00000000e0000000,0x00000000e2da50c8,0x00000000e2db0000)
}
Event: 6.665 GC heap before
{Heap before GC invocations=19 (full 0):
 PSYoungGen      total 90496K, used 88063K [0x00000000fa000000, 0x00000000fff40000, 0x0000000100000000)
  eden space 84352K, 99% used [0x00000000fa000000,0x00000000ff25bbe0,0x00000000ff260000)
  from space 6144K, 60% used [0x00000000ff940000,0x00000000ffce4228,0x00000000fff40000)
  to   space 6592K, 0% used [0x00000000ff260000,0x00000000ff260000,0x00000000ff8d0000)
 ParOldGen       total 49152K, used 36434K [0x00000000e8000000, 0x00000000eb000000, 0x00000000fa000000)
  object space 49152K, 74% used [0x00000000e8000000,0x00000000ea394888,0x00000000eb000000)
 PSPermGen       total 49280K, used 49272K [0x00000000e0000000, 0x00000000e3020000, 0x00000000e8000000)
  object space 49280K, 99% used [0x00000000e0000000,0x00000000e301e288,0x00000000e3020000)
Event: 6.673 GC heap after
Heap after GC invocations=19 (full 0):
 PSYoungGen      total 90944K, used 6567K [0x00000000fa000000, 0x0000000100000000, 0x0000000100000000)
  eden space 84352K, 0% used [0x00000000fa000000,0x00000000fa000000,0x00000000ff260000)
  from space 6592K, 99% used [0x00000000ff260000,0x00000000ff8c9d58,0x00000000ff8d0000)
  to   space 7360K, 0% used [0x00000000ff8d0000,0x00000000ff8d0000,0x0000000100000000)
 ParOldGen       total 49152K, used 39504K [0x00000000e8000000, 0x00000000eb000000, 0x00000000fa000000)
  object space 49152K, 80% used [0x00000000e8000000,0x00000000ea694398,0x00000000eb000000)
 PSPermGen       total 49280K, used 49272K [0x00000000e0000000, 0x00000000e3020000, 0x00000000e8000000)
  object space 49280K, 99% used [0x00000000e0000000,0x00000000e301e288,0x00000000e3020000)
}
Event: 7.144 GC heap before
{Heap before GC invocations=20 (full 0):
 PSYoungGen      total 90944K, used 90919K [0x00000000fa000000, 0x0000000100000000, 0x0000000100000000)
  eden space 84352K, 100% used [0x00000000fa000000,0x00000000ff260000,0x00000000ff260000)
  from space 6592K, 99% used [0x00000000ff260000,0x00000000ff8c9d58,0x00000000ff8d0000)
  to   space 7360K, 0% used [0x00000000ff8d0000,0x00000000ff8d0000,0x0000000100000000)
 ParOldGen       total 49152K, used 39504K [0x00000000e8000000, 0x00000000eb000000, 0x00000000fa000000)
  object space 49152K, 80% used [0x00000000e8000000,0x00000000ea694398,0x00000000eb000000)
 PSPermGen       total 52544K, used 52494K [0x00000000e0000000, 0x00000000e3350000, 0x00000000e8000000)
  object space 52544K, 99% used [0x00000000e0000000,0x00000000e33438e0,0x00000000e3350000)
Event: 7.155 GC heap after
Heap after GC invocations=20 (full 0):
 PSYoungGen      total 88256K, used 6050K [0x00000000fa000000, 0x0000000100000000, 0x0000000100000000)
  eden space 80896K, 0% used [0x00000000fa000000,0x00000000fa000000,0x00000000fef00000)
  from space 7360K, 82% used [0x00000000ff8d0000,0x00000000ffeb8a50,0x0000000100000000)
  to   space 8704K, 0% used [0x00000000fef00000,0x00000000fef00000,0x00000000ff780000)
 ParOldGen       total 49152K, used 45185K [0x00000000e8000000, 0x00000000eb000000, 0x00000000fa000000)
  object space 49152K, 91% used [0x00000000e8000000,0x00000000eac206c0,0x00000000eb000000)
 PSPermGen       total 52544K, used 52494K [0x00000000e0000000, 0x00000000e3350000, 0x00000000e8000000)
  object space 52544K, 99% used [0x00000000e0000000,0x00000000e33438e0,0x00000000e3350000)
}
Event: 7.155 GC heap before
{Heap before GC invocations=21 (full 1):
 PSYoungGen      total 88256K, used 6050K [0x00000000fa000000, 0x0000000100000000, 0x0000000100000000)
  eden space 80896K, 0% used [0x00000000fa000000,0x00000000fa000000,0x00000000fef00000)
  from space 7360K, 82% used [0x00000000ff8d0000,0x00000000ffeb8a50,0x0000000100000000)
  to   space 8704K, 0% used [0x00000000fef00000,0x00000000fef00000,0x00000000ff780000)
 ParOldGen       total 49152K, used 45185K [0x00000000e8000000, 0x00000000eb000000, 0x00000000fa000000)
  object space 49152K, 91% used [0x00000000e8000000,0x00000000eac206c0,0x00000000eb000000)
 PSPermGen       total 52544K, used 52494K [0x00000000e0000000, 0x00000000e3350000, 0x00000000e8000000)
  object space 52544K, 99% used [0x00000000e0000000,0x00000000e33438e0,0x00000000e3350000)
Event: 7.337 GC heap after
Heap after GC invocations=21 (full 1):
 PSYoungGen      total 88256K, used 0K [0x00000000fa000000, 0x0000000100000000, 0x0000000100000000)
  eden space 80896K, 0% used [0x00000000fa000000,0x00000000fa000000,0x00000000fef00000)
  from space 7360K, 0% used [0x00000000ff8d0000,0x00000000ff8d0000,0x0000000100000000)
  to   space 8704K, 0% used [0x00000000fef00000,0x00000000fef00000,0x00000000ff780000)
 ParOldGen       total 71104K, used 43962K [0x00000000e8000000, 0x00000000ec570000, 0x00000000fa000000)
  object space 71104K, 61% used [0x00000000e8000000,0x00000000eaaee9d0,0x00000000ec570000)
 PSPermGen       total 105280K, used 52474K [0x00000000e0000000, 0x00000000e66d0000, 0x00000000e8000000)
  object space 105280K, 49% used [0x00000000e0000000,0x00000000e333e970,0x00000000e66d0000)
}

Deoptimization events (10 events):
Event: 6.602 Thread 0x0000000065a7b800 Uncommon trap -83 fr.pc 0x0000000023e2ec9c
Event: 6.603 Thread 0x0000000065a7b800 Uncommon trap -58 fr.pc 0x0000000023e3054c
Event: 6.640 Thread 0x0000000065a7b800 Uncommon trap -58 fr.pc 0x0000000023e3054c
Event: 6.651 Thread 0x0000000065a7b800 Uncommon trap -58 fr.pc 0x0000000023e3054c
Event: 6.681 Thread 0x0000000065a7b800 Uncommon trap -122 fr.pc 0x0000000023e95b70
Event: 6.839 Thread 0x0000000065a7b800 Uncommon trap -122 fr.pc 0x0000000023e7f01c
Event: 6.960 Thread 0x00000000098c1000 Uncommon trap -34 fr.pc 0x0000000023dde4e0
Event: 6.960 Thread 0x0000000065a77000 Uncommon trap -34 fr.pc 0x0000000023dde4e0
Event: 6.960 Thread 0x0000000065a78800 Uncommon trap -34 fr.pc 0x0000000023dde4e0
Event: 6.960 Thread 0x00000000098c1000 Uncommon trap -34 fr.pc 0x0000000023dde4e0

Internal exceptions (10 events):
Event: 6.971 Thread 0x0000000065a7a000 Threw 0x00000000fd4c1780 at C:\jdk7u1_64p\jdk7u11\hotspot\src\share\vm\prims\jvm.cpp:1166
Event: 6.971 Thread 0x0000000065a7a000 Threw 0x00000000fd4cb788 at C:\jdk7u1_64p\jdk7u11\hotspot\src\share\vm\prims\jvm.cpp:1166
Event: 6.972 Thread 0x0000000065a7a000 Threw 0x00000000fd4d3990 at C:\jdk7u1_64p\jdk7u11\hotspot\src\share\vm\prims\jvm.cpp:1166
Event: 6.972 Thread 0x0000000065a7a000 Threw 0x00000000fd4dc510 at C:\jdk7u1_64p\jdk7u11\hotspot\src\share\vm\prims\jvm.cpp:1166
Event: 6.973 Thread 0x0000000065a7a000 Threw 0x00000000fd4e9b08 at C:\jdk7u1_64p\jdk7u11\hotspot\src\share\vm\prims\jvm.cpp:1166
Event: 6.973 Thread 0x0000000065a7a000 Threw 0x00000000fd509f88 at C:\jdk7u1_64p\jdk7u11\hotspot\src\share\vm\prims\jvm.cpp:1166
Event: 6.974 Thread 0x0000000065a7a000 Threw 0x00000000fd51cf78 at C:\jdk7u1_64p\jdk7u11\hotspot\src\share\vm\prims\jvm.cpp:1166
Event: 6.974 Thread 0x0000000065a7a000 Threw 0x00000000fd535368 at C:\jdk7u1_64p\jdk7u11\hotspot\src\share\vm\prims\jvm.cpp:1166
Event: 6.974 Thread 0x0000000065a7a000 Threw 0x00000000fd54a630 at C:\jdk7u1_64p\jdk7u11\hotspot\src\share\vm\prims\jvm.cpp:1166
Event: 7.134 Thread 0x0000000065a78800 Threw 0x00000000feff3828 at C:\jdk7u1_64p\jdk7u11\hotspot\src\share\vm\prims\jvm.cpp:1166

Events (10 events):
Event: 6.974 loading class 0x000000006637b000
Event: 6.974 loading class 0x000000006637b000 done
Event: 6.974 loading class 0x00000000663875c0
Event: 6.974 loading class 0x00000000663875c0 done
Event: 7.134 loading class 0x0000000066387340
Event: 7.134 loading class 0x0000000066387340 done
Event: 7.144 Executing VM operation: ParallelGCFailedAllocation
Event: 7.337 Executing VM operation: ParallelGCFailedAllocation done
Event: 7.376 Executing VM operation: RevokeBias
Event: 7.377 Executing VM operation: RevokeBias done


Dynamic libraries:
0x0000000140000000 - 0x0000000140029000 	C:\Program Files\MATLAB\R2013b\bin\win64\matlab.exe
0x0000000077880000 - 0x0000000077a29000 	C:\Windows\SYSTEM32\ntdll.dll
0x0000000077760000 - 0x000000007787f000 	C:\Windows\system32\kernel32.dll
0x000007fefd7a0000 - 0x000007fefd80c000 	C:\Windows\system32\KERNELBASE.dll
0x000000006f060000 - 0x000000006f3dc000 	C:\Program Files\MATLAB\R2013b\bin\win64\libmwservices.dll
0x000000006fe80000 - 0x000000006ff56000 	C:\Program Files\MATLAB\R2013b\bin\win64\libmwi18n.dll
0x000000006fe70000 - 0x000000006fe7d000 	C:\Program Files\MATLAB\R2013b\bin\win64\libmwresource_core.dll
0x0000000074680000 - 0x0000000074718000 	C:\Program Files\MATLAB\R2013b\bin\win64\MSVCP100.dll
0x0000000074440000 - 0x0000000074512000 	C:\Program Files\MATLAB\R2013b\bin\win64\MSVCR100.dll
0x0000000074670000 - 0x000000007467e000 	C:\Program Files\MATLAB\R2013b\bin\win64\boost_date_time-vc100-mt-1_49.dll
0x0000000074410000 - 0x000000007443c000 	C:\Program Files\MATLAB\R2013b\bin\win64\boost_filesystem-vc100-mt-1_49.dll
0x0000000074660000 - 0x0000000074669000 	C:\Program Files\MATLAB\R2013b\bin\win64\boost_system-vc100-mt-1_49.dll
0x000007fefe470000 - 0x000007fefe54b000 	C:\Windows\system32\ADVAPI32.dll
0x000007fefe0b0000 - 0x000007fefe14f000 	C:\Windows\system32\msvcrt.dll
0x000007fefe6e0000 - 0x000007fefe6ff000 	C:\Windows\SYSTEM32\sechost.dll
0x000007fefdd00000 - 0x000007fefde2d000 	C:\Windows\system32\RPCRT4.dll
0x00000000743e0000 - 0x0000000074405000 	C:\Program Files\MATLAB\R2013b\bin\win64\LIBEXPAT.dll
0x0000000074250000 - 0x00000000743da000 	C:\Program Files\MATLAB\R2013b\bin\win64\icuin49.dll
0x0000000073960000 - 0x0000000073a9e000 	C:\Program Files\MATLAB\R2013b\bin\win64\icuuc49.dll
0x00000000643d0000 - 0x00000000654f2000 	C:\Program Files\MATLAB\R2013b\bin\win64\icudt49.dll
0x0000000074650000 - 0x0000000074660000 	C:\Program Files\MATLAB\R2013b\bin\win64\icuio49.dll
0x0000000004100000 - 0x00000000041bb000 	C:\Program Files\MATLAB\R2013b\bin\win64\libut.dll
0x000000006f960000 - 0x000000006fb07000 	C:\Program Files\MATLAB\R2013b\bin\win64\libmwfl.dll
0x00000000042c0000 - 0x00000000046cf000 	C:\Program Files\MATLAB\R2013b\bin\win64\libmwMATLAB_res.dll
0x0000000074170000 - 0x000000007424f000 	C:\Program Files\MATLAB\R2013b\bin\win64\boost_regex-vc100-mt-1_49.dll
0x0000000077660000 - 0x000000007775a000 	C:\Windows\system32\USER32.dll
0x000007fefde30000 - 0x000007fefde97000 	C:\Windows\system32\GDI32.dll
0x000007fefe020000 - 0x000007fefe02e000 	C:\Windows\system32\LPK.dll
0x000007fefded0000 - 0x000007fefdf99000 	C:\Windows\system32\USP10.dll
0x0000000074150000 - 0x0000000074161000 	C:\Program Files\MATLAB\R2013b\bin\win64\boost_signals-vc100-mt-1_49.dll
0x0000000074130000 - 0x0000000074141000 	C:\Program Files\MATLAB\R2013b\bin\win64\boost_thread-vc100-mt-1_49.dll
0x0000000073b50000 - 0x0000000073bdc000 	C:\Program Files\MATLAB\R2013b\bin\win64\boost_log-vc100-mt-1_49.dll
0x0000000077a40000 - 0x0000000077a47000 	C:\Windows\system32\PSAPI.DLL
0x000007fefe150000 - 0x000007fefe19d000 	C:\Windows\system32\WS2_32.dll
0x000007fefdcf0000 - 0x000007fefdcf8000 	C:\Windows\system32\NSI.dll
0x000007fefbd30000 - 0x000007fefbd63000 	C:\Program Files\MATLAB\R2013b\bin\win64\tbb.dll
0x000007feffb70000 - 0x000007feffb89000 	C:\Windows\system32\imagehlp.dll
0x000007fefb080000 - 0x000007fefb0ac000 	C:\Windows\system32\POWRPROF.dll
0x000007fefdb10000 - 0x000007fefdce7000 	C:\Windows\system32\SETUPAPI.dll
0x000007fefd9c0000 - 0x000007fefd9f6000 	C:\Windows\system32\CFGMGR32.dll
0x000007fefe760000 - 0x000007fefe837000 	C:\Windows\system32\OLEAUT32.dll
0x000007fefeb30000 - 0x000007fefed33000 	C:\Windows\system32\ole32.dll
0x000007fefd780000 - 0x000007fefd79a000 	C:\Windows\system32\DEVOBJ.dll
0x00000000046d0000 - 0x00000000047cb000 	C:\Program Files\MATLAB\R2013b\bin\win64\libmx.dll
0x000007fefbd80000 - 0x000007fefbda8000 	C:\Program Files\MATLAB\R2013b\bin\win64\tbbmalloc.dll
0x00000000740e0000 - 0x00000000740f7000 	C:\Program Files\MATLAB\R2013b\bin\win64\zlib1.dll
0x000000006ef00000 - 0x000000006ef4e000 	C:\Program Files\MATLAB\R2013b\bin\win64\libmwregexp.dll
0x000000006eeb0000 - 0x000000006eef7000 	C:\Program Files\MATLAB\R2013b\bin\win64\mpath.dll
0x00000000047d0000 - 0x0000000004df8000 	C:\Program Files\MATLAB\R2013b\bin\win64\mlutil.dll
0x000000006e870000 - 0x000000006e8e7000 	C:\Program Files\MATLAB\R2013b\bin\win64\xmlcore.dll
0x000000006a540000 - 0x000000006a781000 	C:\Program Files\MATLAB\R2013b\bin\win64\xerces-c_2_7.dll
0x000000006e5f0000 - 0x000000006e613000 	C:\Program Files\MATLAB\R2013b\bin\win64\libmwMATLAB_settings_res.dll
0x00000000740d0000 - 0x00000000740e0000 	C:\Program Files\MATLAB\R2013b\bin\win64\boost_iostreams-vc100-mt-1_49.dll
0x0000000074080000 - 0x00000000740c6000 	C:\Program Files\MATLAB\R2013b\bin\win64\boost_serialization-vc100-mt-1_49.dll
0x000007fefed40000 - 0x000007feffac9000 	C:\Windows\system32\SHELL32.dll
0x000007fefdfa0000 - 0x000007fefe011000 	C:\Windows\system32\SHLWAPI.dll
0x000000006e580000 - 0x000000006e586000 	C:\Program Files\MATLAB\R2013b\bin\win64\libmwnativedisplay.dll
0x00000000685f0000 - 0x000000006863d000 	C:\Program Files\MATLAB\R2013b\bin\win64\opccore.dll
0x00000000684f0000 - 0x00000000685c6000 	C:\Program Files\MATLAB\R2013b\bin\win64\opcmodel.dll
0x00000000684c0000 - 0x00000000684ed000 	C:\Program Files\MATLAB\R2013b\bin\win64\opczippackage.dll
0x0000000074120000 - 0x000000007412e000 	C:\Program Files\MATLAB\R2013b\bin\win64\libminizip.dll
0x0000000068340000 - 0x00000000683a6000 	C:\Program Files\MATLAB\R2013b\bin\win64\opcmwservices.dll
0x000007fef91c0000 - 0x000007fef9260000 	C:\Windows\WinSxS\amd64_microsoft.windows.common-controls_6595b64144ccf1df_5.82.7601.18201_none_a4d3b9377117c3df\COMCTL32.dll
0x000007feffad0000 - 0x000007feffb67000 	C:\Windows\system32\COMDLG32.dll
0x000007fef9d50000 - 0x000007fef9d66000 	C:\Windows\system32\NETAPI32.dll
0x000007fef9d40000 - 0x000007fef9d4c000 	C:\Windows\system32\netutils.dll
0x000007fefd330000 - 0x000007fefd353000 	C:\Windows\system32\srvcli.dll
0x000007fef9d20000 - 0x000007fef9d35000 	C:\Windows\system32\wkscli.dll
0x000000006e4d0000 - 0x000000006e57d000 	C:\Program Files\MATLAB\R2013b\bin\win64\mcr.dll
0x000000006e110000 - 0x000000006e4d0000 	C:\Program Files\MATLAB\R2013b\bin\win64\iqm.dll
0x0000000180000000 - 0x00000001800c2000 	C:\Program Files\MATLAB\R2013b\bin\win64\m_dispatcher.dll
0x0000000004e10000 - 0x000000000560b000 	C:\Program Files\MATLAB\R2013b\bin\win64\m_interpreter.dll
0x000000006d760000 - 0x000000006d784000 	C:\Program Files\MATLAB\R2013b\bin\win64\libmex.dll
0x000000006d6e0000 - 0x000000006d75b000 	C:\Program Files\MATLAB\R2013b\bin\win64\profiler.dll
0x000000006d450000 - 0x000000006d5c8000 	C:\Program Files\MATLAB\R2013b\bin\win64\libmwmathutil.dll
0x000000006d420000 - 0x000000006d447000 	C:\Program Files\MATLAB\R2013b\bin\win64\libmwmathrng.dll
0x000000006d410000 - 0x000000006d420000 	C:\Program Files\MATLAB\R2013b\bin\win64\libmwmfl_rng.dll
0x0000000005610000 - 0x0000000005728000 	C:\Program Files\MATLAB\R2013b\bin\win64\libmwmathcore.dll
0x000000006d2b0000 - 0x000000006d313000 	C:\Program Files\MATLAB\R2013b\bin\win64\libmwspmatrix.dll
0x0000000005730000 - 0x0000000005992000 	C:\Program Files\MATLAB\R2013b\bin\win64\mcos.dll
0x000000006cfc0000 - 0x000000006d01c000 	C:\Program Files\MATLAB\R2013b\bin\win64\libmwcholmod.dll
0x000000006cfb0000 - 0x000000006cfbc000 	C:\Program Files\MATLAB\R2013b\bin\win64\libmwamd.dll
0x000000006cfa0000 - 0x000000006cfab000 	C:\Program Files\MATLAB\R2013b\bin\win64\libmwcolamd.dll
0x000000006cf80000 - 0x000000006cf93000 	C:\Program Files\MATLAB\R2013b\bin\win64\libmwblas.dll
0x000000006cf60000 - 0x000000006cf75000 	C:\Program Files\MATLAB\R2013b\bin\win64\libmwbinder.dll
0x000000006cf50000 - 0x000000006cf5b000 	C:\Program Files\MATLAB\R2013b\bin\win64\libmwompwrapper.dll
0x000000006ced0000 - 0x000000006cf4f000 	C:\Program Files\MATLAB\R2013b\bin\win64\libmwlapack.dll
0x000000006ceb0000 - 0x000000006ced0000 	C:\Program Files\MATLAB\R2013b\bin\win64\m_pcodeio.dll
0x000000006ce50000 - 0x000000006ceac000 	C:\Program Files\MATLAB\R2013b\bin\win64\m_ir.dll
0x00000000059a0000 - 0x0000000006055000 	C:\Program Files\MATLAB\R2013b\bin\win64\m_parser.dll
0x000000006c780000 - 0x000000006c797000 	C:\Program Files\MATLAB\R2013b\bin\win64\ir_xfmr.dll
0x000000006c770000 - 0x000000006c780000 	C:\Program Files\MATLAB\R2013b\bin\win64\mtok.dll
0x000000006c740000 - 0x000000006c768000 	C:\Program Files\MATLAB\R2013b\bin\win64\m_pcodegen.dll
0x000007fef6e50000 - 0x000007fef6f75000 	C:\Windows\system32\dbghelp.dll
0x000000006c710000 - 0x000000006c73f000 	C:\Program Files\MATLAB\R2013b\bin\win64\libmwbridge.dll
0x000000006c650000 - 0x000000006c706000 	C:\Program Files\MATLAB\R2013b\bin\win64\udd.dll
0x0000000006060000 - 0x00000000061b1000 	C:\Program Files\MATLAB\R2013b\bin\win64\libmwgui.dll
0x000000006c4d0000 - 0x000000006c4f8000 	C:\Program Files\MATLAB\R2013b\bin\win64\graphics_util.dll
0x0000000073830000 - 0x00000000738e8000 	C:\Program Files\MATLAB\R2013b\bin\win64\libtex_base.dll
0x000000006bac0000 - 0x000000006c426000 	C:\Program Files\MATLAB\R2013b\bin\win64\hg.dll
0x000000006ba60000 - 0x000000006babd000 	C:\Program Files\MATLAB\R2013b\bin\win64\libmat.dll
0x000000006b850000 - 0x000000006ba58000 	C:\Program Files\MATLAB\R2013b\bin\win64\hdf5dll.dll
0x000000006b780000 - 0x000000006b848000 	C:\Program Files\MATLAB\R2013b\bin\win64\jmi.dll
0x000000006b770000 - 0x000000006b77e000 	C:\Program Files\MATLAB\R2013b\bin\win64\nativejava_services.dll
0x00000000061d0000 - 0x0000000006212000 	C:\Program Files\MATLAB\R2013b\bin\win64\libmwhardcopy.dll
0x000000006b6d0000 - 0x000000006b72e000 	C:\Program Files\MATLAB\R2013b\bin\win64\libuij.dll
0x000000006b490000 - 0x000000006b695000 	C:\Program Files\MATLAB\R2013b\bin\win64\hgdatatypes.dll
0x0000000006220000 - 0x0000000006332000 	C:\Program Files\MATLAB\R2013b\bin\win64\hgutils.dll
0x000000006b2f0000 - 0x000000006b39e000 	C:\Program Files\MATLAB\R2013b\bin\win64\udd_mi.dll
0x000000006b2b0000 - 0x000000006b2e6000 	C:\Program Files\MATLAB\R2013b\bin\win64\libmwgbtutils.dll
0x000000006b290000 - 0x000000006b2a3000 	C:\Program Files\MATLAB\R2013b\bin\win64\libmwgbt.dll
0x000000006afc0000 - 0x000000006b28f000 	C:\Program Files\MATLAB\R2013b\bin\win64\uiw.dll
0x000000006afb0000 - 0x000000006afb9000 	C:\Program Files\MATLAB\R2013b\bin\win64\uinone.dll
0x000000006af80000 - 0x000000006afac000 	C:\Program Files\MATLAB\R2013b\bin\win64\libmwnativedialogs.dll
0x000000006af70000 - 0x000000006af7c000 	C:\Program Files\MATLAB\R2013b\bin\win64\libmwplatform_res.dll
0x000007fef7440000 - 0x000007fef7458000 	C:\Windows\system32\MPR.dll
0x0000000069fe0000 - 0x000000006a53d000 	C:\Program Files\MATLAB\R2013b\bin\win64\mfc100.dll
0x000007fef9260000 - 0x000007fef9267000 	C:\Windows\system32\MSIMG32.dll
0x000007fef9140000 - 0x000007fef91b1000 	C:\Windows\system32\WINSPOOL.DRV
0x000000006af50000 - 0x000000006af6d000 	C:\Program Files\MATLAB\R2013b\bin\win64\mwoles05.DLL
0x000000006aee0000 - 0x000000006af4c000 	C:\Program Files\MATLAB\R2013b\bin\win64\comcli.dll
0x0000000073ec0000 - 0x0000000073eeb000 	C:\Program Files\MATLAB\R2013b\bin\win64\ATL100.DLL
0x000000006aed0000 - 0x000000006aedc000 	C:\Program Files\MATLAB\R2013b\bin\win64\mlautoregister.dll
0x0000000006350000 - 0x00000000064bf000 	C:\Program Files\MATLAB\R2013b\bin\win64\mvm.dll
0x000007fefdea0000 - 0x000007fefdece000 	C:\Windows\system32\IMM32.DLL
0x000007fefda00000 - 0x000007fefdb09000 	C:\Windows\system32\MSCTF.dll
0x000007fefd560000 - 0x000007fefd5a1000 	C:\Windows\system32\nvinitx.dll
0x000007fefba30000 - 0x000007fefba86000 	C:\Windows\system32\UxTheme.dll

VM Arguments:
jvm_args: -XX:PermSize=32m -Xms64m -XX:NewRatio=3 -XX:MaxPermSize=128m -Xmx384m -XX:MaxDirectMemorySize=2147400000 -Dsun.java2d.noddraw=true -Dsun.awt.nopixfmt=true -Xshare:off -Xrs -XX:-UseSplitVerifier -Djava.library.path=C:\Program Files\MATLAB\R2013b\bin\win64;C:\Program Files\MATLAB\R2013b\sys\jxbrowser\win64\lib vfprintf abort -Duser.language=en -Duser.country=US 
java_command: <unknown>
Launcher Type: generic

Environment Variables:
PATH=C:\ProgramData\Oracle\Java\javapath;C:\Program Files (x86)\NVIDIA Corporation\PhysX\Common;C:\Program Files (x86)\Intel\iCLS Client\;C:\Program Files\Intel\iCLS Client\;C:\Windows\system32;C:\Windows;C:\Windows\System32\Wbem;C:\Windows\System32\WindowsPowerShell\v1.0\;C:\Program Files\Intel\Intel(R) Management Engine Components\DAL;C:\Program Files\Intel\Intel(R) Management Engine Components\IPT;C:\Program Files (x86)\Intel\Intel(R) Management Engine Components\DAL;C:\Program Files (x86)\Intel\Intel(R) Management Engine Components\IPT;C:\Program Files (x86)\Intel\OpenCL SDK\2.0\bin\x86;C:\Program Files (x86)\Intel\OpenCL SDK\2.0\bin\x64;C:\Program Files\Point Grey Research\FlyCapture2\bin64;C:\Program Files\MATLAB\R2013b\runtime\win64;C:\Program Files\MATLAB\R2013b\bin;C:\Program Files\MATLAB\R2012b\runtime\win64;C:\Program Files\MATLAB\R2012b\bin
USERNAME=Alex
OS=Windows_NT
PROCESSOR_IDENTIFIER=Intel64 Family 6 Model 58 Stepping 9, GenuineIntel



---------------  S Y S T E M  ---------------

OS: Windows 7 , 64 bit Build 7601 Service Pack 1

CPU:total 4 (4 cores per cpu, 1 threads per core) family 6 model 58 stepping 9, cmov, cx8, fxsr, mmx, sse, sse2, sse3, ssse3, sse4.1, sse4.2, popcnt, avx, tsc, tscinvbit, tscinv

Memory: 4k page, physical 16726708k(13252668k free), swap 33451580k(29690388k free)

vm_info: Java HotSpot(TM) 64-Bit Server VM (23.6-b04) for windows-amd64 JRE (1.7.0_11-b21), built on Jan 12 2013 02:38:42 by "java_re" with unknown MS VC++:1600

time: Fri Jun 05 20:11:57 2015
elapsed time: 7 seconds

